<?xml version="1.0" encoding="UTF-8"?>
<!-- Generated by org.testng.reporters.JUnitReportReporter -->
<testsuite skipped="0" hostname="Pintu-PC" name="TestNGFramework.TestDataProvider" tests="6" failures="0" timestamp="2023-02-08T11:35:40 IST" time="0.016" errors="0">
  <testcase name="LoginTest" time="0.002" classname="TestNGFramework.TestDataProvider"/>
  <system-out/>
  <testcase name="LoginTest" time="0.002" classname="TestNGFramework.TestDataProvider"/>
  <system-out/>
  <testcase name="LoginTest" time="0.002" classname="TestNGFramework.TestDataProvider"/>
  <system-out/>
  <testcase name="LoginTest" time="0.007" classname="TestNGFramework.TestDataProvider"/>
  <system-out/>
  <testcase name="LoginTest" time="0.001" classname="TestNGFramework.TestDataProvider"/>
  <system-out/>
  <testcase name="LoginTest" time="0.002" classname="TestNGFramework.TestDataProvider"/>
  <system-out/>
</testsuite> <!-- TestNGFramework.TestDataProvider -->
